***********************************************
Report          : create_qor_snapshot (clock_pre_route)
Design          : i2c_master_top
Version         : U-2022.12
Date            : Fri May 24 15:44:53 2024
Time unit       : 1.00ns
Resistance unit : 1.00MOhm
Capacitance unit: 1.00fF
Voltage unit    : 1.00V
Current unit    : 1.00uA
Power unit      : 1.00pW
Location        : /home/admin/icdesign/Labs/m3/lab05/pnr/./
***********************************************
No. of scenario = 2
s1 = func_fast
s2 = func_slow
------------------------------------------------------------------------
WNS of each timing group:                       s1        s2 
------------------------------------------------------------------------
REGIN                                       1.2750         - 
master_clk                                  1.6397    1.7333 
REGOUT                                      1.3502         - 
------------------------------------------------------------------------
Setup WNS:                                  1.2750    1.7333      1.2750 
Setup TNS:                                  0.0000    0.0000      0.0000
Number of setup violations:                      0         0           0 
Hold WNS:                                  -0.0776    0.0230     -0.0776 
Hold TNS:                                  -9.2538    0.0000     -9.2538 
Number of hold violations:                     151         0         151 
Number of max trans violations:                  0         0           0 
Number of max cap violations:                    0         0           0 
Number of min pulse width violations:            0         0           0 
------------------------------------------------------------------------
Area:                                                            325.852
Cell count:                                                          685
Buf/inv cell count:                                                  162
Std cell utilization:                                             0.2004
CPU(s):                                                              137
Mem(Mb):                                                            1607
Host name:                                                  vku-truongsa
------------------------------------------------------------------------
Histogram:             s1   s2 
------------------------------------------------------------------------
Max violations:         0    0 
   above ~ -0.7  ---    0    0 
    -0.6 ~ -0.7  ---    0    0 
    -0.5 ~ -0.6  ---    0    0 
    -0.4 ~ -0.5  ---    0    0 
    -0.3 ~ -0.4  ---    0    0 
    -0.2 ~ -0.3  ---    0    0 
    -0.1 ~ -0.2  ---    0    0 
       0 ~ -0.1  ---    0    0 
------------------------------------------------------------------------
Min violations:       151    0 
  -0.06 ~ above  ---   94    0 
  -0.05 ~ -0.06  ---   48    0 
  -0.04 ~ -0.05  ---    3    0 
  -0.03 ~ -0.04  ---    1    0 
  -0.02 ~ -0.03  ---    0    0 
  -0.01 ~ -0.02  ---    0    0 
      0 ~ -0.01  ---    0    0 
------------------------------------------------------------------------
Snapshot report (index) is created and can be viewed using file "/home/admin/icdesign/Labs/m3/lab05/pnr/.//index.html"
