***********************************************
Report          : create_qor_snapshot (place_qor_snp)
Design          : i2c_master_top
Version         : T-2022.03-SP1
Date            : Fri Nov  1 11:06:03 2024
Time unit       : 1.00ns
Resistance unit : 1.00MOhm
Capacitance unit: 1.00fF
Voltage unit    : 1.00V
Current unit    : 1.00uA
Power unit      : 1.00pW
Location        : /home/users/hungpt/icdesign/session1/m3/lab06/pnr/./
***********************************************
No. of scenario = 2
s1 = func_fast
s2 = func_slow
------------------------------------------------------------------------
WNS of each timing group:                       s1        s2 
------------------------------------------------------------------------
REGIN                                       1.2620         - 
master_clk                                  1.6533    1.7475 
REGOUT                                      1.3677         - 
------------------------------------------------------------------------
Setup WNS:                                  1.2620    1.7475      1.2620 
Setup TNS:                                  0.0000    0.0000      0.0000
Number of setup violations:                      0         0           0 
Hold WNS:                                  -0.0791    0.0211     -0.0791 
Hold TNS:                                  -9.7393    0.0000     -9.7393 
Number of hold violations:                     151         0         151 
Number of max trans violations:                  0         0           0 
Number of max cap violations:                    0         0           0 
Number of min pulse width violations:            0         0           0 
------------------------------------------------------------------------
Area:                                                            324.076
Cell count:                                                          681
Buf/inv cell count:                                                  157
Std cell utilization:                                             0.1993
CPU(s):                                                               99
Mem(Mb):                                                             904
Host name:                                                  vku-truongsa
------------------------------------------------------------------------
Histogram:             s1   s2 
------------------------------------------------------------------------
Max violations:         0    0 
   above ~ -0.7  ---    0    0 
    -0.6 ~ -0.7  ---    0    0 
    -0.5 ~ -0.6  ---    0    0 
    -0.4 ~ -0.5  ---    0    0 
    -0.3 ~ -0.4  ---    0    0 
    -0.2 ~ -0.3  ---    0    0 
    -0.1 ~ -0.2  ---    0    0 
       0 ~ -0.1  ---    0    0 
------------------------------------------------------------------------
Min violations:       151    0 
  -0.06 ~ above  ---   99    0 
  -0.05 ~ -0.06  ---   25    0 
  -0.04 ~ -0.05  ---    2    0 
  -0.03 ~ -0.04  ---    1    0 
  -0.02 ~ -0.03  ---    0    0 
  -0.01 ~ -0.02  ---    0    0 
      0 ~ -0.01  ---    0    0 
------------------------------------------------------------------------
Snapshot report (index) is created and can be viewed using file "/home/users/hungpt/icdesign/session1/m3/lab06/pnr/.//index.html"
