Information: Using automatic min wire load selection group 'predcaps'. (ENV-003)
Information: Using automatic max wire load selection group 'predcaps'. (ENV-003)
Information: Using automatic min wire load selection group 'predcaps'. (ENV-003)
Information: Building multi voltage information for entire design. (MV-022)
Warning: Some timing arcs have been disabled for breaking timing loops or because of constant propagation. Use the 'report_disable_timing' command to get the list of these disabled timing arcs. (PTE-003)
****************************************
Report : constraint
	-all_violators
	-path slack_only
Design : i2c_master_top
Version: U-2022.12-SP2
Date   : Fri May 24 20:09:31 2024
****************************************


   min_capacitance

                             Required        Actual
   Pin                      Capacitance    Capacitance       Slack
   -----------------------------------------------------------------
   wb_clk_i                   0.0002         0.0000        -0.0002  (VIOLATED)
   wb_rst_i                   0.0002         0.0000        -0.0002  (VIOLATED)


1
