***********************************************
Report          : create_qor_snapshot (place_qor_snp)
Design          : i2c_master_top
Version         : U-2022.12
Date            : Fri May 24 18:37:22 2024
Time unit       : 1.00ns
Resistance unit : 1.00MOhm
Capacitance unit: 1.00fF
Voltage unit    : 1.00V
Current unit    : 1.00uA
Power unit      : 1.00pW
Location        : /home/users/hungpt/icdesign/m3/lab05/pnr/./
***********************************************
No. of scenario = 2
s1 = func_fast
s2 = func_slow
------------------------------------------------------------------------
WNS of each timing group:                       s1        s2 
------------------------------------------------------------------------
REGIN                                       1.2673         - 
master_clk                                  1.6443    1.7375 
REGOUT                                      1.3627         - 
------------------------------------------------------------------------
Setup WNS:                                  1.2673    1.7375      1.2673 
Setup TNS:                                  0.0000    0.0000      0.0000
Number of setup violations:                      0         0           0 
Hold WNS:                                  -0.0786    0.0217     -0.0786 
Hold TNS:                                  -9.4247    0.0000     -9.4247 
Number of hold violations:                     151         0         151 
Number of max trans violations:                  0         0           0 
Number of max cap violations:                    0         0           0 
Number of min pulse width violations:            0         0           0 
------------------------------------------------------------------------
Area:                                                            323.498
Cell count:                                                          680
Buf/inv cell count:                                                  157
Std cell utilization:                                             0.1989
CPU(s):                                                              102
Mem(Mb):                                                             944
Host name:                                                  vku-truongsa
------------------------------------------------------------------------
Histogram:             s1   s2 
------------------------------------------------------------------------
Max violations:         0    0 
   above ~ -0.7  ---    0    0 
    -0.6 ~ -0.7  ---    0    0 
    -0.5 ~ -0.6  ---    0    0 
    -0.4 ~ -0.5  ---    0    0 
    -0.3 ~ -0.4  ---    0    0 
    -0.2 ~ -0.3  ---    0    0 
    -0.1 ~ -0.2  ---    0    0 
       0 ~ -0.1  ---    0    0 
------------------------------------------------------------------------
Min violations:       151    0 
  -0.06 ~ above  ---   73    0 
  -0.05 ~ -0.06  ---   52    0 
  -0.04 ~ -0.05  ---    5    0 
  -0.03 ~ -0.04  ---    1    0 
  -0.02 ~ -0.03  ---    0    0 
  -0.01 ~ -0.02  ---    0    0 
      0 ~ -0.01  ---    0    0 
------------------------------------------------------------------------
Snapshot report (index) is created and can be viewed using file "/home/users/hungpt/icdesign/m3/lab05/pnr/.//index.html"
