Warning: duplicate option '-nosplit' overrides previous value. (CMD-018)
****************************************
Report : constraint
        -all_violators
        -max_transition
        -max_capacitance
        -max_delay
        -min_delay
Design : i2c_master_top
Version: U-2022.12
Date   : Wed May 15 20:03:47 2024
****************************************

   late_timing
   -----------

Endpoint                         Path Delay     Path Required       CRP    Slack Group    Scenario
----------------------------------------------------------------------------------------------------------
No paths.

   early_timing
   -----------

Endpoint                         Path Delay     Path Required       CRP    Slack Group    Scenario
----------------------------------------------------------------------------------------------------------
No paths.

   Mode: func Corner: fast
   Scenario: func_fast
  ---------------------------------------------------------------------------
   Number of max_transition violation(s): 0

   Mode: func Corner: slow
   Scenario: func_slow
  ---------------------------------------------------------------------------
   Number of max_transition violation(s): 0

   Mode: func Corner: fast
   Scenario: func_fast
  ---------------------------------------------------------------------------
   Number of max_capacitance violation(s): 0

   Mode: func Corner: slow
   Scenario: func_slow
  ---------------------------------------------------------------------------
   Number of max_capacitance violation(s): 0

   Total number of violation(s): 0
1
