****************************************
Report : report_utilization
Design : i2c_master_top
Version: U-2022.12
Date   : Wed May 15 20:03:48 2024
****************************************
Utilization Ratio:			0.1977
Utilization options:
 - Area calculation based on:		site_row of block 07_i2c_master_top_place_start
 - Categories of objects excluded:	hard_macros macro_keepouts soft_macros io_cells hard_blockages 
Total Area:				1615.3164
Total Capacity Area:			1615.3164
Total Area of cells:			319.4136
Area of excluded objects:
 - hard_macros         :		0.0000
 - macro_keepouts      :		0.0000
 - soft_macros         :		0.0000
 - io_cells            :		0.0000
 - hard_blockages      :		0.0000
Total Area of excluded objects:		0.0000
Ratio of excluded objects:		0.0000

Utilization of site-rows with:
 - Site 'unit':				0.1977

0.1977
