****************************************
Report : qor
Design : i2c_master_top
Version: U-2022.12
Date   : Wed May 15 20:03:47 2024
****************************************


Scenario           'func_fast'
Timing Path Group  'wb_clk_i'
----------------------------------------
Levels of Logic:                     16
Critical Path Length:              0.24
Critical Path Slack:               1.45
Critical Path Clk Period:          2.00
Total Negative Slack:              0.00
No. of Violating Paths:               0
Worst Hold Violation:              0.00
Total Hold Violation:              0.00
No. of Hold Violations:               0
----------------------------------------

Scenario           'func_slow'
Timing Path Group  'wb_clk_i'
----------------------------------------
Levels of Logic:                     16
Critical Path Length:              0.25
Critical Path Slack:               1.44
Critical Path Clk Period:          2.00
Total Negative Slack:              0.00
No. of Violating Paths:               0
Worst Hold Violation:              0.00
Total Hold Violation:              0.00
No. of Hold Violations:               0
----------------------------------------


Cell Count
----------------------------------------
Hierarchical Cell Count:              4
Hierarchical Port Count:            169
Leaf Cell Count:                    693
Buf/Inv Cell Count:                 145
Buf Cell Count:                       7
Inv Cell Count:                     138
CT Buf/Inv Cell Count:                0
Combinational Cell Count:           540
   Single-bit Isolation Cell Count:                        0
   Multi-bit Isolation Cell Count:                         0
   Isolation Cell Banking Ratio:                           0.00%
   Single-bit Level Shifter Cell Count:                    0
   Multi-bit Level Shifter Cell Count:                     0
   Level Shifter Cell Banking Ratio:                       0.00%
   Single-bit ELS Cell Count:                              0
   Multi-bit ELS Cell Count:                               0
   ELS Cell Banking Ratio:                                 0.00%
Sequential Cell Count:              153
   Integrated Clock-Gating Cell Count:                     0
   Sequential Macro Cell Count:                            0
   Single-bit Sequential Cell Count:                       153
   Multi-bit Sequential Cell Count:                        0
   Sequential Cell Banking Ratio:                          0.00%
   BitsPerflop:                                            1.00
Macro Count:                          0
----------------------------------------


Area
----------------------------------------
Combinational Area:              156.91
Noncombinational Area:           162.99
Buf/Inv Area:                     27.22
Total Buffer Area:                 2.71
Total Inverter Area:              24.51
Macro/Black Box Area:              0.00
Net Area:                             0
Net XLength:                    2085.77
Net YLength:                    2225.42
----------------------------------------
Cell Area (netlist):                            319.90
Cell Area (netlist and physical only):          319.90
Net Length:                     4311.18


Design Rules
----------------------------------------
Total Number of Nets:               715
Nets with Violations:                 0
Max Trans Violations:                 0
Max Cap Violations:                   0
----------------------------------------

1
****************************************
Report : qor
        -summary
Design : i2c_master_top
Version: U-2022.12
Date   : Wed May 15 20:03:47 2024
****************************************

Timing
---------------------------------------------------------------------------
Context                                 WNS            TNS            NVE
---------------------------------------------------------------------------
func_fast          (Setup)             1.45           0.00              0
func_slow          (Setup)             1.44           0.00              0
Design             (Setup)             1.44           0.00              0

func_fast          (Hold)              0.02           0.00              0
func_slow          (Hold)              0.02           0.00              0
Design             (Hold)              0.02           0.00              0
---------------------------------------------------------------------------

Miscellaneous
---------------------------------------------------------------------------
Cell Area (netlist):                            319.90
Cell Area (netlist and physical only):          319.90
Nets with DRC Violations:        0
1
