report_min_pulse_width -nosplit
Scenario: func_fast
Warning: duplicate option '-nosplit' overrides previous value. (CMD-018)
Information: The net parasitics of block i2c_master_top are cleared. (TIM-123)
Information: Corner fast: no PVT mismatches. (PVT-032)
Information: Corner slow: no PVT mismatches. (PVT-032)
Information: The stitching and editing of coupling caps is turned OFF for design 'i2c_master_top.dlib:07_i2c_master_top_place_start.design'. (TIM-125)
Information: Design 07_i2c_master_top_place_start has 715 nets, 5 global routed, 0 detail routed. (NEX-024)
Warning: Technology layer 'M4' setting 'pitch' is not valid (NEX-001)
Warning: Technology layer 'M8' setting 'routing-direction' is not valid (NEX-001)
Warning: Technology layer 'M9' setting 'routing-direction' is not valid (NEX-001)
Warning: Technology layer 'MRDL' setting 'routing-direction' is not valid (NEX-001)
Warning: Technology layer 'MRDL' setting 'pitch' is not valid (NEX-001)
Information: The RC mode used is CTO for design 'i2c_master_top'. (NEX-022)
Information: Design Average RC for design 07_i2c_master_top_place_start  (NEX-011)
Information: r = 2.572502 ohm/um, via_r = 0.779988 ohm/cut, c = 0.094721 ff/um, cc = 0.000000 ff/um (X dir) (NEX-017)
Information: r = 2.337461 ohm/um, via_r = 0.719246 ohm/cut, c = 0.102538 ff/um, cc = 0.000000 ff/um (Y dir) (NEX-017)
Information: Update timing completed net estimation for all the timing graph nets (TIM-111)
Information: Net estimation statistics: timing graph nets = 713, routed nets = 5, across physical hierarchy nets = 0, parasitics cached nets = 713, delay annotated nets = 0, parasitics annotated nets = 0, multi-voltage nets = 0. (TIM-112)
************************************************************
Timer Settings:
Delay Calculation Style:                   auto
Signal Integrity Analysis:                 disabled
Timing Window Analysis:                    disabled
Advanced Waveform Propagation:             disabled
Variation Type:                            fixed_derate
Clock Reconvergence Pessimism Removal:     disabled
Advanced Receiver Model:                   disabled
ML Acceleration:                           off
************************************************************
****************************************
Report : min_pulse_width
        -path_type summary
        -significant_digits
        -nosplit
        -all_violators
Design : i2c_master_top
Version: U-2022.12
Date   : Wed May 15 20:03:47 2024
****************************************

  Mode: func
  Corner: fast
  Scenario: func_fast

Information: The net parasitics of block i2c_master_top are cleared. (TIM-123)
Information: Corner fast: no PVT mismatches. (PVT-032)
Information: Corner slow: no PVT mismatches. (PVT-032)
Information: The stitching and editing of coupling caps is turned OFF for design 'i2c_master_top.dlib:07_i2c_master_top_place_start.design'. (TIM-125)
Information: Design 07_i2c_master_top_place_start has 715 nets, 5 global routed, 0 detail routed. (NEX-024)
Warning: Technology layer 'M4' setting 'pitch' is not valid (NEX-001)
Warning: Technology layer 'M8' setting 'routing-direction' is not valid (NEX-001)
Warning: Technology layer 'M9' setting 'routing-direction' is not valid (NEX-001)
Warning: Technology layer 'MRDL' setting 'routing-direction' is not valid (NEX-001)
Warning: Technology layer 'MRDL' setting 'pitch' is not valid (NEX-001)
Information: The RC mode used is CTO for design 'i2c_master_top'. (NEX-022)
Information: Design Average RC for design 07_i2c_master_top_place_start  (NEX-011)
Information: r = 2.572502 ohm/um, via_r = 0.779988 ohm/cut, c = 0.094721 ff/um, cc = 0.000000 ff/um (X dir) (NEX-017)
Information: r = 2.337461 ohm/um, via_r = 0.719246 ohm/cut, c = 0.102538 ff/um, cc = 0.000000 ff/um (Y dir) (NEX-017)
Information: Update timing completed net estimation for all the timing graph nets (TIM-111)
Information: Net estimation statistics: timing graph nets = 713, routed nets = 5, across physical hierarchy nets = 0, parasitics cached nets = 713, delay annotated nets = 0, parasitics annotated nets = 0, multi-voltage nets = 0. (TIM-112)
************************************************************
Timer Settings:
Delay Calculation Style:                   auto
Signal Integrity Analysis:                 disabled
Timing Window Analysis:                    disabled
Advanced Waveform Propagation:             disabled
Variation Type:                            fixed_derate
Clock Reconvergence Pessimism Removal:     disabled
Advanced Receiver Model:                   disabled
ML Acceleration:                           off
************************************************************
1
Scenario: func_slow
Warning: duplicate option '-nosplit' overrides previous value. (CMD-018)
Information: The net parasitics of block i2c_master_top are cleared. (TIM-123)
Information: Corner fast: no PVT mismatches. (PVT-032)
Information: Corner slow: no PVT mismatches. (PVT-032)
Information: The stitching and editing of coupling caps is turned OFF for design 'i2c_master_top.dlib:07_i2c_master_top_place_start.design'. (TIM-125)
Information: Design 07_i2c_master_top_place_start has 715 nets, 5 global routed, 0 detail routed. (NEX-024)
Warning: Technology layer 'M4' setting 'pitch' is not valid (NEX-001)
Warning: Technology layer 'M8' setting 'routing-direction' is not valid (NEX-001)
Warning: Technology layer 'M9' setting 'routing-direction' is not valid (NEX-001)
Warning: Technology layer 'MRDL' setting 'routing-direction' is not valid (NEX-001)
Warning: Technology layer 'MRDL' setting 'pitch' is not valid (NEX-001)
Information: The RC mode used is CTO for design 'i2c_master_top'. (NEX-022)
Information: Design Average RC for design 07_i2c_master_top_place_start  (NEX-011)
Information: r = 2.572502 ohm/um, via_r = 0.779988 ohm/cut, c = 0.094721 ff/um, cc = 0.000000 ff/um (X dir) (NEX-017)
Information: r = 2.337461 ohm/um, via_r = 0.719246 ohm/cut, c = 0.102538 ff/um, cc = 0.000000 ff/um (Y dir) (NEX-017)
Information: Update timing completed net estimation for all the timing graph nets (TIM-111)
Information: Net estimation statistics: timing graph nets = 713, routed nets = 5, across physical hierarchy nets = 0, parasitics cached nets = 713, delay annotated nets = 0, parasitics annotated nets = 0, multi-voltage nets = 0. (TIM-112)
************************************************************
Timer Settings:
Delay Calculation Style:                   auto
Signal Integrity Analysis:                 disabled
Timing Window Analysis:                    disabled
Advanced Waveform Propagation:             disabled
Variation Type:                            fixed_derate
Clock Reconvergence Pessimism Removal:     disabled
Advanced Receiver Model:                   disabled
ML Acceleration:                           off
************************************************************
****************************************
Report : min_pulse_width
        -path_type summary
        -significant_digits
        -nosplit
        -all_violators
Design : i2c_master_top
Version: U-2022.12
Date   : Wed May 15 20:03:47 2024
****************************************

  Mode: func
  Corner: slow
  Scenario: func_slow

Information: The net parasitics of block i2c_master_top are cleared. (TIM-123)
Information: Corner fast: no PVT mismatches. (PVT-032)
Information: Corner slow: no PVT mismatches. (PVT-032)
Information: The stitching and editing of coupling caps is turned OFF for design 'i2c_master_top.dlib:07_i2c_master_top_place_start.design'. (TIM-125)
Information: Design 07_i2c_master_top_place_start has 715 nets, 5 global routed, 0 detail routed. (NEX-024)
Warning: Technology layer 'M4' setting 'pitch' is not valid (NEX-001)
Warning: Technology layer 'M8' setting 'routing-direction' is not valid (NEX-001)
Warning: Technology layer 'M9' setting 'routing-direction' is not valid (NEX-001)
Warning: Technology layer 'MRDL' setting 'routing-direction' is not valid (NEX-001)
Warning: Technology layer 'MRDL' setting 'pitch' is not valid (NEX-001)
Information: The RC mode used is CTO for design 'i2c_master_top'. (NEX-022)
Information: Design Average RC for design 07_i2c_master_top_place_start  (NEX-011)
Information: r = 2.572502 ohm/um, via_r = 0.779988 ohm/cut, c = 0.094721 ff/um, cc = 0.000000 ff/um (X dir) (NEX-017)
Information: r = 2.337461 ohm/um, via_r = 0.719246 ohm/cut, c = 0.102538 ff/um, cc = 0.000000 ff/um (Y dir) (NEX-017)
Information: Update timing completed net estimation for all the timing graph nets (TIM-111)
Information: Net estimation statistics: timing graph nets = 713, routed nets = 5, across physical hierarchy nets = 0, parasitics cached nets = 713, delay annotated nets = 0, parasitics annotated nets = 0, multi-voltage nets = 0. (TIM-112)
************************************************************
Timer Settings:
Delay Calculation Style:                   auto
Signal Integrity Analysis:                 disabled
Timing Window Analysis:                    disabled
Advanced Waveform Propagation:             disabled
Variation Type:                            fixed_derate
Clock Reconvergence Pessimism Removal:     disabled
Advanced Receiver Model:                   disabled
ML Acceleration:                           off
************************************************************
1
