SI analysis is not enabled, so delta delays are unavailable.
****************************************
Report : timing
        -path_type full_clock_expanded
        -delay_type max
        -nworst 1
        -max_paths 1
        -report_by group
        -input_pins
        -nets
        -include_hierarchical_pins
        -transition_time
        -capacitance
        -crosstalk_delta
        -derate
        -attributes
        -physical
Design : i2c_master_top
Version: U-2022.12
Date   : Wed May 15 19:24:50 2024
****************************************

  Startpoint: byte_controller/bit_controller/cnt_reg[0] (rising edge-triggered flip-flop clocked by wb_clk_i)
  Endpoint: byte_controller/bit_controller/cnt_reg[15] (rising edge-triggered flip-flop clocked by wb_clk_i)
  Mode: func
  Corner: fast
  Scenario: func_fast
  Path Group: wb_clk_i
  Path Type: max


Attributes
    b - black-box (unknown)
    s - size_only
    d - dont_touch
    u - dont_use
    g - generic
    h - hierarchical
    i - ideal
    n - noncombinational
    E - extracted timing model
    Q - Quick timing model


  Point                                          Fanout     Cap        Trans      Derate    Delta       Incr        Path           Location       Attributes
  ----------------------------------------------------------------------------------------------------------------------------------------------------------------
  clock wb_clk_i (rise edge)                                                                           0.0000      0.0000
  source latency                                                                                       0.0000      0.0000
  wb_clk_i (in)                                                        0.2000      1.0000              0.0000      0.0000 r    (30.22,0.07)
  wb_clk_i (net)                                  153     83.8763
  byte_controller/clk (i2c_master_byte_ctrl)                           0.2000      1.0000              0.0000      0.0000 r    (hierarchical)    h
  byte_controller/clk (net)                       153     83.8763
  byte_controller/bit_controller/clk (i2c_master_bit_ctrl)             0.2000      1.0000              0.0000      0.0000 r    (hierarchical)    h
  byte_controller/bit_controller/clk (net)        153     83.8763
  byte_controller/bit_controller/cnt_reg[0]/CK (SAEDRVT14_FDPRBQ_V2LP_0P5)
                                                                       0.2000      1.0000              0.0000      0.0000 r    (40.22,39.22)     s, n

  byte_controller/bit_controller/cnt_reg[0]/CK (SAEDRVT14_FDPRBQ_V2LP_0P5)
                                                                       0.2000      1.0000              0.0000      0.0000 r    (40.22,39.22)     s, n
  byte_controller/bit_controller/cnt_reg[0]/Q (SAEDRVT14_FDPRBQ_V2LP_0P5)
                                                                       0.0086      1.0000              0.0620      0.0620 f    (41.27,39.10)     s, n
  byte_controller/bit_controller/cnt[0] (net)       4      1.4439
  byte_controller/bit_controller/sub_226/A[0] (i2c_master_bit_ctrl_DW01_dec_1_DW01_dec_2)
                                                                       0.0086      1.0000              0.0000      0.0620 f    (hierarchical)    h
  byte_controller/bit_controller/sub_226/A[0] (net)        1.4439
  byte_controller/bit_controller/sub_226/U2/A2 (SAEDRVT14_OR2_1)       0.0086      1.0000              0.0000      0.0620 f    (41.56,39.10)
  byte_controller/bit_controller/sub_226/U2/X (SAEDRVT14_OR2_1)        0.0042      1.0000              0.0132      0.0751 f    (41.86,39.11)
  byte_controller/bit_controller/sub_226/n11 (net)
                                                    3      1.0554
  byte_controller/bit_controller/sub_226/U31/A1 (SAEDRVT14_OR2_0P5)    0.0042      1.0000              0.0000      0.0751 f    (42.97,38.50)
  byte_controller/bit_controller/sub_226/U31/X (SAEDRVT14_OR2_0P5)     0.0077      1.0000              0.0124      0.0875 f    (43.12,38.49)
  byte_controller/bit_controller/sub_226/n10 (net)
                                                    3      1.2599
  byte_controller/bit_controller/sub_226/U30/A1 (SAEDRVT14_OR2_0P5)    0.0077      1.0000              0.0000      0.0875 f    (43.93,36.10)
  byte_controller/bit_controller/sub_226/U30/X (SAEDRVT14_OR2_0P5)     0.0077      1.0000              0.0136      0.1011 f    (43.78,36.09)
  byte_controller/bit_controller/sub_226/n9 (net)
                                                    3      1.2710
  byte_controller/bit_controller/sub_226/U29/A1 (SAEDRVT14_OR2_0P5)    0.0077      1.0000              0.0000      0.1011 f    (41.41,35.50)
  byte_controller/bit_controller/sub_226/U29/X (SAEDRVT14_OR2_0P5)     0.0107      1.0000              0.0160      0.1171 f    (41.56,35.51)
  byte_controller/bit_controller/sub_226/n8 (net)
                                                    3      1.8780
  byte_controller/bit_controller/sub_226/U28/A1 (SAEDRVT14_OR2_0P5)    0.0107      1.0000              0.0000      0.1171 f    (41.71,28.90)
  byte_controller/bit_controller/sub_226/U28/X (SAEDRVT14_OR2_0P5)     0.0084      1.0000              0.0150      0.1322 f    (41.86,28.89)
  byte_controller/bit_controller/sub_226/n7 (net)
                                                    3      1.3873
  byte_controller/bit_controller/sub_226/U27/A1 (SAEDRVT14_OR2_0P5)    0.0084      1.0000              0.0000      0.1322 f    (42.97,26.50)
  byte_controller/bit_controller/sub_226/U27/X (SAEDRVT14_OR2_0P5)     0.0073      1.0000              0.0134      0.1456 f    (43.12,26.49)
  byte_controller/bit_controller/sub_226/n6 (net)
                                                    3      1.1733
  byte_controller/bit_controller/sub_226/U26/A1 (SAEDRVT14_OR2_0P5)    0.0073      1.0000              0.0000      0.1456 f    (43.34,27.10)
  byte_controller/bit_controller/sub_226/U26/X (SAEDRVT14_OR2_0P5)     0.0072      1.0000              0.0131      0.1587 f    (43.48,27.11)
  byte_controller/bit_controller/sub_226/n5 (net)
                                                    3      1.1670
  byte_controller/bit_controller/sub_226/U25/A1 (SAEDRVT14_OR2_0P5)    0.0072      1.0000              0.0000      0.1587 f    (44.30,27.70)
  byte_controller/bit_controller/sub_226/U25/X (SAEDRVT14_OR2_0P5)     0.0068      1.0000              0.0127      0.1714 f    (44.45,27.69)
  byte_controller/bit_controller/sub_226/n3 (net)
                                                    3      1.0788
  byte_controller/bit_controller/sub_226/U24/A1 (SAEDRVT14_NR2_MM_0P5)
                                                                       0.0068      1.0000              0.0000      0.1714 f    (44.74,28.34)
  byte_controller/bit_controller/sub_226/U24/X (SAEDRVT14_NR2_MM_0P5)
                                                                       0.0112      1.0000              0.0113      0.1826 r    (44.70,28.30)
  byte_controller/bit_controller/sub_226/n4 (net)
                                                    3      1.3223
  byte_controller/bit_controller/sub_226/U23/A1 (SAEDRVT14_ND2_CDC_1)
                                                                       0.0112      1.0000              0.0000      0.1826 r    (44.89,29.50)
  byte_controller/bit_controller/sub_226/U23/X (SAEDRVT14_ND2_CDC_1)   0.0077      1.0000              0.0107      0.1933 f    (45.00,29.50)
  byte_controller/bit_controller/sub_226/n16 (net)
                                                    3      1.2096
  byte_controller/bit_controller/sub_226/U21/A1 (SAEDRVT14_OR2_0P5)    0.0077      1.0000              0.0000      0.1933 f    (44.67,31.30)
  byte_controller/bit_controller/sub_226/U21/X (SAEDRVT14_OR2_0P5)     0.0080      1.0000              0.0138      0.2071 f    (44.82,31.29)
  byte_controller/bit_controller/sub_226/n15 (net)
                                                    3      1.3134
  byte_controller/bit_controller/sub_226/U19/A1 (SAEDRVT14_OR2_0P5)    0.0080      1.0000              0.0000      0.2071 f    (44.15,33.10)
  byte_controller/bit_controller/sub_226/U19/X (SAEDRVT14_OR2_0P5)     0.0065      1.0000              0.0127      0.2198 f    (44.00,33.11)
  byte_controller/bit_controller/sub_226/n14 (net)
                                                    3      1.0186
  byte_controller/bit_controller/sub_226/U17/A1 (SAEDRVT14_NR2_MM_0P5)
                                                                       0.0065      1.0000              0.0000      0.2198 f    (43.71,33.14)
  byte_controller/bit_controller/sub_226/U17/X (SAEDRVT14_NR2_MM_0P5)
                                                                       0.0099      1.0000              0.0101      0.2299 r    (43.67,33.10)
  byte_controller/bit_controller/sub_226/n13 (net)
                                                    3      1.1394
  byte_controller/bit_controller/sub_226/placectmTdsLR_1_45/B (SAEDRVT14_AN2B_MM_1)
                                                                       0.0099      1.0000              0.0000      0.2299 r    (43.19,32.50)
  byte_controller/bit_controller/sub_226/placectmTdsLR_1_45/X (SAEDRVT14_AN2B_MM_1)
                                                                       0.0041      1.0000              0.0119      0.2418 r    (43.34,32.52)
  byte_controller/bit_controller/sub_226/n12 (net)
                                                    1      0.8755
  byte_controller/bit_controller/sub_226/U13/A2 (SAEDRVT14_EO2_V1_0P75)
                                                                       0.0041      1.0000              0.0000      0.2418 r    (42.49,31.91)
  byte_controller/bit_controller/sub_226/U13/X (SAEDRVT14_EO2_V1_0P75)
                                                                       0.0065      1.0000              0.0106      0.2524 r    (42.59,31.91)
  byte_controller/bit_controller/sub_226/SUM[15] (net)
                                                    1      0.5016
  byte_controller/bit_controller/sub_226/SUM[15] (i2c_master_bit_ctrl_DW01_dec_1_DW01_dec_2)
                                                                       0.0065      1.0000              0.0000      0.2524 r    (hierarchical)    h
  byte_controller/bit_controller/N49 (net)                 0.5016
  byte_controller/bit_controller/placectmTdsLR_2_52/A2 (SAEDRVT14_AO21_U_0P5)
                                                                       0.0065      1.0000              0.0000      0.2524 r    (40.67,32.00)
  byte_controller/bit_controller/placectmTdsLR_2_52/X (SAEDRVT14_AO21_U_0P5)
                                                                       0.0054      1.0000              0.0135      0.2659 r    (40.30,31.91)
  byte_controller/bit_controller/n147 (net)         1      0.5642
  byte_controller/bit_controller/cnt_reg[15]/D (SAEDRVT14_FDPRBQ_V2LP_0P5)
                                                                       0.0054      1.0000              0.0000      0.2659 r    (38.60,31.30)     s, n
  data arrival time                                                                                                0.2659

  clock wb_clk_i (rise edge)                                                                           2.0000      2.0000
  source latency                                                                                       0.0000      2.0000
  wb_clk_i (in)                                                        0.2000      1.0000              0.0000      2.0000 r    (30.22,0.07)
  wb_clk_i (net)                                  153     83.8763
  byte_controller/clk (i2c_master_byte_ctrl)                           0.2000      1.0000              0.0000      2.0000 r    (hierarchical)    h
  byte_controller/clk (net)                       153     83.8763
  byte_controller/bit_controller/clk (i2c_master_bit_ctrl)             0.2000      1.0000              0.0000      2.0000 r    (hierarchical)    h
  byte_controller/bit_controller/clk (net)        153     83.8763
  byte_controller/bit_controller/cnt_reg[15]/CK (SAEDRVT14_FDPRBQ_V2LP_0P5)
                                                                       0.2000      1.0000              0.0000      2.0000 r    (39.11,31.18)     s, n

  clock uncertainty                                                                                   -0.3000      1.7000
  library setup time                                                               1.0000              0.0032      1.7032
  data required time                                                                                               1.7032
  ----------------------------------------------------------------------------------------------------------------------------------------------------------------
  data required time                                                                                               1.7032
  data arrival time                                                                                               -0.2659
  ----------------------------------------------------------------------------------------------------------------------------------------------------------------
  slack (MET)                                                                                                      1.4373



  Startpoint: byte_controller/bit_controller/cnt_reg[0] (rising edge-triggered flip-flop clocked by wb_clk_i)
  Endpoint: byte_controller/bit_controller/cnt_reg[15] (rising edge-triggered flip-flop clocked by wb_clk_i)
  Mode: func
  Corner: slow
  Scenario: func_slow
  Path Group: wb_clk_i
  Path Type: max


Attributes
    b - black-box (unknown)
    s - size_only
    d - dont_touch
    u - dont_use
    g - generic
    h - hierarchical
    i - ideal
    n - noncombinational
    E - extracted timing model
    Q - Quick timing model


  Point                                          Fanout     Cap        Trans      Derate    Delta       Incr        Path           Location       Attributes
  ----------------------------------------------------------------------------------------------------------------------------------------------------------------
  clock wb_clk_i (rise edge)                                                                           0.0000      0.0000
  source latency                                                                                       0.0000      0.0000
  wb_clk_i (in)                                                        0.2000      1.0000              0.0000      0.0000 r    (30.22,0.07)
  wb_clk_i (net)                                  153     87.9211
  byte_controller/clk (i2c_master_byte_ctrl)                           0.2000      1.0000              0.0000      0.0000 r    (hierarchical)    h
  byte_controller/clk (net)                       153     87.9211
  byte_controller/bit_controller/clk (i2c_master_bit_ctrl)             0.2000      1.0000              0.0000      0.0000 r    (hierarchical)    h
  byte_controller/bit_controller/clk (net)        153     87.9211
  byte_controller/bit_controller/cnt_reg[0]/CK (SAEDRVT14_FDPRBQ_V2LP_0P5)
                                                                       0.2000      1.0000              0.0000      0.0000 r    (40.22,39.22)     s, n

  byte_controller/bit_controller/cnt_reg[0]/CK (SAEDRVT14_FDPRBQ_V2LP_0P5)
                                                                       0.2000      1.0000              0.0000      0.0000 r    (40.22,39.22)     s, n
  byte_controller/bit_controller/cnt_reg[0]/Q (SAEDRVT14_FDPRBQ_V2LP_0P5)
                                                                       0.0089      1.0000              0.0622      0.0622 f    (41.27,39.10)     s, n
  byte_controller/bit_controller/cnt[0] (net)       4      1.4918
  byte_controller/bit_controller/sub_226/A[0] (i2c_master_bit_ctrl_DW01_dec_1_DW01_dec_2)
                                                                       0.0089      1.0000              0.0000      0.0622 f    (hierarchical)    h
  byte_controller/bit_controller/sub_226/A[0] (net)        1.4918
  byte_controller/bit_controller/sub_226/U2/A2 (SAEDRVT14_OR2_1)       0.0089      1.0000              0.0000      0.0622 f    (41.56,39.10)
  byte_controller/bit_controller/sub_226/U2/X (SAEDRVT14_OR2_1)        0.0043      1.0000              0.0134      0.0755 f    (41.86,39.11)
  byte_controller/bit_controller/sub_226/n11 (net)
                                                    3      1.0915
  byte_controller/bit_controller/sub_226/U31/A1 (SAEDRVT14_OR2_0P5)    0.0043      1.0000              0.0000      0.0755 f    (42.97,38.50)
  byte_controller/bit_controller/sub_226/U31/X (SAEDRVT14_OR2_0P5)     0.0080      1.0000              0.0126      0.0881 f    (43.12,38.49)
  byte_controller/bit_controller/sub_226/n10 (net)
                                                    3      1.3206
  byte_controller/bit_controller/sub_226/U30/A1 (SAEDRVT14_OR2_0P5)    0.0080      1.0000              0.0000      0.0881 f    (43.93,36.10)
  byte_controller/bit_controller/sub_226/U30/X (SAEDRVT14_OR2_0P5)     0.0081      1.0000              0.0139      0.1021 f    (43.78,36.09)
  byte_controller/bit_controller/sub_226/n9 (net)
                                                    3      1.3347
  byte_controller/bit_controller/sub_226/U29/A1 (SAEDRVT14_OR2_0P5)    0.0081      1.0000              0.0000      0.1021 f    (41.41,35.50)
  byte_controller/bit_controller/sub_226/U29/X (SAEDRVT14_OR2_0P5)     0.0115      1.0000              0.0167      0.1188 f    (41.56,35.51)
  byte_controller/bit_controller/sub_226/n8 (net)
                                                    3      2.0317
  byte_controller/bit_controller/sub_226/U28/A1 (SAEDRVT14_OR2_0P5)    0.0115      1.0000              0.0000      0.1188 f    (41.71,28.90)
  byte_controller/bit_controller/sub_226/U28/X (SAEDRVT14_OR2_0P5)     0.0088      1.0000              0.0156      0.1344 f    (41.86,28.89)
  byte_controller/bit_controller/sub_226/n7 (net)
                                                    3      1.4724
  byte_controller/bit_controller/sub_226/U27/A1 (SAEDRVT14_OR2_0P5)    0.0088      1.0000              0.0000      0.1344 f    (42.97,26.50)
  byte_controller/bit_controller/sub_226/U27/X (SAEDRVT14_OR2_0P5)     0.0076      1.0000              0.0138      0.1482 f    (43.12,26.49)
  byte_controller/bit_controller/sub_226/n6 (net)
                                                    3      1.2262
  byte_controller/bit_controller/sub_226/U26/A1 (SAEDRVT14_OR2_0P5)    0.0076      1.0000              0.0000      0.1482 f    (43.34,27.10)
  byte_controller/bit_controller/sub_226/U26/X (SAEDRVT14_OR2_0P5)     0.0075      1.0000              0.0134      0.1615 f    (43.48,27.11)
  byte_controller/bit_controller/sub_226/n5 (net)
                                                    3      1.2190
  byte_controller/bit_controller/sub_226/U25/A1 (SAEDRVT14_OR2_0P5)    0.0075      1.0000              0.0000      0.1615 f    (44.30,27.70)
  byte_controller/bit_controller/sub_226/U25/X (SAEDRVT14_OR2_0P5)     0.0070      1.0000              0.0130      0.1745 f    (44.45,27.69)
  byte_controller/bit_controller/sub_226/n3 (net)
                                                    3      1.1221
  byte_controller/bit_controller/sub_226/U24/A1 (SAEDRVT14_NR2_MM_0P5)
                                                                       0.0070      1.0000              0.0000      0.1745 f    (44.74,28.34)
  byte_controller/bit_controller/sub_226/U24/X (SAEDRVT14_NR2_MM_0P5)
                                                                       0.0116      1.0000              0.0116      0.1861 r    (44.70,28.30)
  byte_controller/bit_controller/sub_226/n4 (net)
                                                    3      1.3708
  byte_controller/bit_controller/sub_226/U23/A1 (SAEDRVT14_ND2_CDC_1)
                                                                       0.0116      1.0000              0.0000      0.1861 r    (44.89,29.50)
  byte_controller/bit_controller/sub_226/U23/X (SAEDRVT14_ND2_CDC_1)   0.0080      1.0000              0.0110      0.1971 f    (45.00,29.50)
  byte_controller/bit_controller/sub_226/n16 (net)
                                                    3      1.2682
  byte_controller/bit_controller/sub_226/U21/A1 (SAEDRVT14_OR2_0P5)    0.0080      1.0000              0.0000      0.1971 f    (44.67,31.30)
  byte_controller/bit_controller/sub_226/U21/X (SAEDRVT14_OR2_0P5)     0.0083      1.0000              0.0141      0.2113 f    (44.82,31.29)
  byte_controller/bit_controller/sub_226/n15 (net)
                                                    3      1.3851
  byte_controller/bit_controller/sub_226/U19/A1 (SAEDRVT14_OR2_0P5)    0.0083      1.0000              0.0000      0.2113 f    (44.15,33.10)
  byte_controller/bit_controller/sub_226/U19/X (SAEDRVT14_OR2_0P5)     0.0067      1.0000              0.0129      0.2242 f    (44.00,33.11)
  byte_controller/bit_controller/sub_226/n14 (net)
                                                    3      1.0532
  byte_controller/bit_controller/sub_226/U17/A1 (SAEDRVT14_NR2_MM_0P5)
                                                                       0.0067      1.0000              0.0000      0.2242 f    (43.71,33.14)
  byte_controller/bit_controller/sub_226/U17/X (SAEDRVT14_NR2_MM_0P5)
                                                                       0.0102      1.0000              0.0104      0.2346 r    (43.67,33.10)
  byte_controller/bit_controller/sub_226/n13 (net)
                                                    3      1.1772
  byte_controller/bit_controller/sub_226/placectmTdsLR_1_45/B (SAEDRVT14_AN2B_MM_1)
                                                                       0.0102      1.0000              0.0000      0.2346 r    (43.19,32.50)
  byte_controller/bit_controller/sub_226/placectmTdsLR_1_45/X (SAEDRVT14_AN2B_MM_1)
                                                                       0.0042      1.0000              0.0121      0.2467 r    (43.34,32.52)
  byte_controller/bit_controller/sub_226/n12 (net)
                                                    1      0.8997
  byte_controller/bit_controller/sub_226/U13/A2 (SAEDRVT14_EO2_V1_0P75)
                                                                       0.0042      1.0000              0.0000      0.2467 r    (42.49,31.91)
  byte_controller/bit_controller/sub_226/U13/X (SAEDRVT14_EO2_V1_0P75)
                                                                       0.0067      1.0000              0.0108      0.2575 r    (42.59,31.91)
  byte_controller/bit_controller/sub_226/SUM[15] (net)
                                                    1      0.5337
  byte_controller/bit_controller/sub_226/SUM[15] (i2c_master_bit_ctrl_DW01_dec_1_DW01_dec_2)
                                                                       0.0067      1.0000              0.0000      0.2575 r    (hierarchical)    h
  byte_controller/bit_controller/N49 (net)                 0.5337
  byte_controller/bit_controller/placectmTdsLR_2_52/A2 (SAEDRVT14_AO21_U_0P5)
                                                                       0.0067      1.0000              0.0000      0.2575 r    (40.67,32.00)
  byte_controller/bit_controller/placectmTdsLR_2_52/X (SAEDRVT14_AO21_U_0P5)
                                                                       0.0057      1.0000              0.0138      0.2713 r    (40.30,31.91)
  byte_controller/bit_controller/n147 (net)         1      0.6040
  byte_controller/bit_controller/cnt_reg[15]/D (SAEDRVT14_FDPRBQ_V2LP_0P5)
                                                                       0.0057      1.0000              0.0000      0.2713 r    (38.60,31.30)     s, n
  data arrival time                                                                                                0.2713

  clock wb_clk_i (rise edge)                                                                           2.0000      2.0000
  source latency                                                                                       0.0000      2.0000
  wb_clk_i (in)                                                        0.2000      1.0000              0.0000      2.0000 r    (30.22,0.07)
  wb_clk_i (net)                                  153     87.9211
  byte_controller/clk (i2c_master_byte_ctrl)                           0.2000      1.0000              0.0000      2.0000 r    (hierarchical)    h
  byte_controller/clk (net)                       153     87.9211
  byte_controller/bit_controller/clk (i2c_master_bit_ctrl)             0.2000      1.0000              0.0000      2.0000 r    (hierarchical)    h
  byte_controller/bit_controller/clk (net)        153     87.9211
  byte_controller/bit_controller/cnt_reg[15]/CK (SAEDRVT14_FDPRBQ_V2LP_0P5)
                                                                       0.2000      1.0000              0.0000      2.0000 r    (39.11,31.18)     s, n

  clock uncertainty                                                                                   -0.3000      1.7000
  library setup time                                                               1.0000              0.0032      1.7032
  data required time                                                                                               1.7032
  ----------------------------------------------------------------------------------------------------------------------------------------------------------------
  data required time                                                                                               1.7032
  data arrival time                                                                                               -0.2713
  ----------------------------------------------------------------------------------------------------------------------------------------------------------------
  slack (MET)                                                                                                      1.4319


1
