/* ICV_Nettran: RHEL64 U-2022.12.8149069 2022/11/22 */
/* Created:  7/19/2024  16:15   */

                                  ICV_Nettran 

            Version U-2022.12 for linux64 - Nov 22, 2022 cl#8149069

                    Copyright (c) 1996 - 2022 Synopsys, Inc.
   This software and the associated documentation are proprietary to Synopsys,
 Inc. This software may only be used in accordance with the terms and conditions
 of a written license agreement with Synopsys, Inc. All other use, reproduction,
   or distribution of this software is strictly prohibited.  Licensed Products
     communicate with Synopsys servers for the purpose of providing software
    updates, detecting software piracy and verifying that customers are using
    Licensed Products in conformity with the applicable License Key for such
  Licensed Products. Synopsys will use information gathered in connection with
    this process to deliver software updates and pursue software pirates and
                                   infringers.

 Inclusivity & Diversity - Visit SolvNetPlus to read the "Synopsys Statement on
            Inclusivity and Diversity" (Refer to article 000036315 at
                        https://solvnetplus.synopsys.com)

Options: -sp /home/users/hungpt/icdesign/analog/lab03/synopsys_custom/inverter.icv.lvs/inverter.icv.sp -sp /home/dkits/synopsys/m3a/icv/lvs/empty.subckt -cell inverter -dupCell USE_MULTIPLE -sp-ndbConnect -sp-dupProp LAST -quiet -logFile run_details/icv_nettran.log -wireLog run_details/nettran_wire.log -dupCellReportFile run_details/nettran_dupCell.log -outName /.netlist_database_sch100 -outType ndb -ndb-noOrgname -ndb-micron 

Pre-parsing "/home/dkits/synopsys/m3a/icv/lvs/empty.subckt" netlist ...
Pre-parsing "/home/users/hungpt/icdesign/analog/lab03/synopsys_custom/inverter.icv.lvs/inverter.icv.sp" netlist ...
Reading "/home/dkits/synopsys/m3a/icv/lvs/empty.subckt" netlist ...
Reading "/home/users/hungpt/icdesign/analog/lab03/synopsys_custom/inverter.icv.lvs/inverter.icv.sp" netlist ...
Loading cell "inverter" ...
[Nettran Report] Reading Netlist(s): Check Time=0:00:00  User=0.00 Sys=0.00 Mem=0.004 GB
Processing Hierarchy ...
[Nettran Report] Post Process: Check Time=0:00:00  User=0.00 Sys=0.00 Mem=0.004 GB
Writing NDB netlist ...
[Nettran Report] OutputNetlistAcctTreeFiles: Check Time=0:00:00  User=0.00 Sys=0.00 Mem=0.010 GB
Translation completed.
[Nettran Report] Nettran Total Runtime: Check Time=0:00:00  User=0.00 Sys=0.00 Mem=0.010 GB
