 
****************************************
Report : area
Design : i2c_master_top
Version: T-2022.03-SP1
Date   : Fri May 24 18:31:04 2024
****************************************

Library(s) Used:

    saed14rvt_tt0p8v25c (File: /home/dkits/synopsys/SAED14nm/stdcell_rvt/db_nldm/saed14rvt_tt0p8v25c.db)

Number of ports:                          179
Number of nets:                           869
Number of cells:                          711
Number of combinational cells:            554
Number of sequential cells:               153
Number of macros/black boxes:               0
Number of buf/inv:                        175
Number of references:                      19

Combinational area:                162.770399
Buf/Inv area:                       32.589600
Noncombinational area:             162.770405
Macro/Black Box area:                0.000000
Net Interconnect area:             486.634127

Total cell area:                   325.540803
Total area:                        812.174930

Hierarchical area distribution
------------------------------

                                  Global cell area          Local cell area
                                  ------------------  --------------------------- 
Hierarchical cell                 Absolute   Percent  Combi-    Noncombi-  Black-
                                  Total      Total    national  national   boxes   Design
--------------------------------  ---------  -------  --------  ---------  ------  -----------------------------------------
i2c_master_top                     325.5408    100.0   49.8168    57.0540  0.0000  i2c_master_top
byte_controller                    218.6700     67.2   28.9488    26.6400  0.0000  i2c_master_byte_ctrl
byte_controller/bit_controller     163.0812     50.1   65.2680    79.0764  0.0000  i2c_master_bit_ctrl
byte_controller/bit_controller/sub_226
                                    10.1232      3.1   10.1232     0.0000  0.0000  i2c_master_bit_ctrl_DW01_dec_1_DW01_dec_2
byte_controller/bit_controller/sub_258
                                     8.6136      2.6    8.6136     0.0000  0.0000  i2c_master_bit_ctrl_DW01_dec_0_DW01_dec_1
--------------------------------  ---------  -------  --------  ---------  ------  -----------------------------------------
Total                                                 162.7704   162.7704  0.0000

1
